Build started 9/9/2014 6:51:52 AM.
     1>Project "F:\software\03-code\ffmpeg\faad2-2.7\libfaad\libfaad.vcxproj" on node 2 (Build target(s)).
     1>ClCompile:
         D:\Program\Microsoft Visual Studio 11.0\VC\bin\CL.exe /c /I../include /ZI /nologo /W3 /WX- /Od /Oy- /D _DEBUG /D WIN32 /D _LIB /D _VC80_UPGRADE=0x0710 /D _MBCS /Gm- /EHsc /RTC1 /MDd /GS /fp:precise /Zc:wchar_t /Zc:forScope /Fo".\Debug/" /Fd".\Debug/vc110.pdb" /Gd /TC /analyze- /errorReport:prompt bits.c cfft.c common.c decoder.c drc.c drm_dec.c error.c filtbank.c hcr.c huffman.c ic_predict.c is.c lt_predict.c mdct.c mp4.c ms.c output.c pns.c ps_dec.c ps_syntax.c pulse.c rvlc.c sbr_dct.c sbr_dec.c sbr_e_nf.c sbr_fbt.c sbr_hfadj.c sbr_hfgen.c sbr_huff.c sbr_qmf.c sbr_syntax.c sbr_tf_grid.c specrec.c ssr.c ssr_fb.c ssr_ipqf.c syntax.c tns.c
         bits.c
         cfft.c
         common.c
         decoder.c
     1>f:\software\03-code\ffmpeg\faad2-2.7\libfaad\decoder.c(220): warning C4146: unary minus operator applied to unsigned type, result still unsigned
     1>f:\software\03-code\ffmpeg\faad2-2.7\libfaad\decoder.c(1097): warning C4018: '<' : signed/unsigned mismatch
         drc.c
         drm_dec.c
         error.c
         filtbank.c
         hcr.c
     1>f:\software\03-code\ffmpeg\faad2-2.7\libfaad\hcr.c(228): warning C4101: 'bitsleft' : unreferenced local variable
     1>f:\software\03-code\ffmpeg\faad2-2.7\libfaad\hcr.c(228): warning C4101: 'codewordsleft' : unreferenced local variable
         huffman.c
         ic_predict.c
         is.c
         lt_predict.c
         mdct.c
     1>f:\software\03-code\ffmpeg\faad2-2.7\libfaad\mdct.c : warning C4819: The file contains a character that cannot be represented in the current code page (936). Save the file in Unicode format to prevent data loss
         mp4.c
     1>f:\software\03-code\ffmpeg\faad2-2.7\libfaad\mp4.c(137): warning C4013: 'memset' undefined; assuming extern returning int
         ms.c
         output.c
         pns.c
         ps_dec.c
     1>f:\software\03-code\ffmpeg\faad2-2.7\libfaad\ps_dec.c(214): warning C4013: 'memset' undefined; assuming extern returning int
     1>f:\software\03-code\ffmpeg\faad2-2.7\libfaad\ps_dec.c(518): warning C4013: 'memcpy' undefined; assuming extern returning int
         ps_syntax.c
         Generating Code...
         Compiling...
         pulse.c
         rvlc.c
         sbr_dct.c
         sbr_dec.c
         sbr_e_nf.c
         sbr_fbt.c
         sbr_hfadj.c
     1>f:\software\03-code\ffmpeg\faad2-2.7\libfaad\sbr_hfadj.c(1561): warning C4013: 'memcpy' undefined; assuming extern returning int
         sbr_hfgen.c
         sbr_huff.c
         sbr_qmf.c
         sbr_syntax.c
     1>f:\software\03-code\ffmpeg\faad2-2.7\libfaad\sbr_syntax.c(407): warning C4013: 'memset' undefined; assuming extern returning int
         sbr_tf_grid.c
         specrec.c
         ssr.c
         ssr_fb.c
         ssr_ipqf.c
         syntax.c
     1>f:\software\03-code\ffmpeg\faad2-2.7\libfaad\syntax.c(1781): warning C4819: The file contains a character that cannot be represented in the current code page (936). Save the file in Unicode format to prevent data loss
     1>f:\software\03-code\ffmpeg\faad2-2.7\libfaad\syntax.c(2633): warning C4146: unary minus operator applied to unsigned type, result still unsigned
         tns.c
         Generating Code...
       Lib:
         D:\Program\Microsoft Visual Studio 11.0\VC\bin\Lib.exe /OUT:".\Debug\libfaad.lib" /NOLOGO .\Debug/bits.obj
         .\Debug/cfft.obj
         .\Debug/common.obj
         .\Debug/decoder.obj
         .\Debug/drc.obj
         .\Debug/drm_dec.obj
         .\Debug/error.obj
         .\Debug/filtbank.obj
         .\Debug/hcr.obj
         .\Debug/huffman.obj
         .\Debug/ic_predict.obj
         .\Debug/is.obj
         .\Debug/lt_predict.obj
         .\Debug/mdct.obj
         .\Debug/mp4.obj
         .\Debug/ms.obj
         .\Debug/output.obj
         .\Debug/pns.obj
         .\Debug/ps_dec.obj
         .\Debug/ps_syntax.obj
         .\Debug/pulse.obj
         .\Debug/rvlc.obj
         .\Debug/sbr_dct.obj
         .\Debug/sbr_dec.obj
         .\Debug/sbr_e_nf.obj
         .\Debug/sbr_fbt.obj
         .\Debug/sbr_hfadj.obj
         .\Debug/sbr_hfgen.obj
         .\Debug/sbr_huff.obj
         .\Debug/sbr_qmf.obj
         .\Debug/sbr_syntax.obj
         .\Debug/sbr_tf_grid.obj
         .\Debug/specrec.obj
         .\Debug/ssr.obj
         .\Debug/ssr_fb.obj
         .\Debug/ssr_ipqf.obj
         .\Debug/syntax.obj
         .\Debug/tns.obj
         libfaad.vcxproj -> F:\software\03-code\ffmpeg\faad2-2.7\libfaad\.\Debug\libfaad.lib
     1>Done Building Project "F:\software\03-code\ffmpeg\faad2-2.7\libfaad\libfaad.vcxproj" (Build target(s)).

Build succeeded.

Time Elapsed 00:00:01.91
