This file contains any messages produced by compilers while
running configure, to aid debugging if configure makes a mistake.

It was created by FAAC configure 1.28, which was
generated by GNU Autoconf 2.68.  Invocation command line was

  $ ./configure --with-mp4v2 --includedir=d:/Program/MinGW/include

## --------- ##
## Platform. ##
## --------- ##

hostname = jetur
uname -m = i686
uname -r = 1.0.18(0.48/3/2)
uname -s = MINGW32_NT-6.2
uname -v = 2012-11-21 22:34

/usr/bin/uname -p = unknown
/bin/uname -X     = unknown

/bin/arch              = unknown
/usr/bin/arch -k       = unknown
/usr/convex/getsysinfo = unknown
/usr/bin/hostinfo      = unknown
/bin/machine           = unknown
/usr/bin/oslevel       = unknown
/bin/universe          = unknown

PATH: .
PATH: /usr/local/bin
PATH: /mingw/bin
PATH: /bin
PATH: /d/Program/Microsoft Visual Studio 11.0/Common7/IDE/CommonExtensions/Microsoft/TestWindow
PATH: /c/Program Files (x86)/Microsoft SDKs/F#/3.0/Framework/v4.0/
PATH: /d/Program/Microsoft Visual Studio 11.0/VSTSDB/Deploy
PATH: /d/Program/Microsoft Visual Studio 11.0/Common7/IDE/
PATH: /d/Program/Microsoft Visual Studio 11.0/VC/BIN
PATH: /d/Program/Microsoft Visual Studio 11.0/Common7/Tools
PATH: /c/Windows/Microsoft.NET/Framework/v4.0.30319
PATH: /c/Windows/Microsoft.NET/Framework/v3.5
PATH: /d/Program/Microsoft Visual Studio 11.0/VC/VCPackages
PATH: /c/Program Files (x86)/HTML Help Workshop
PATH: /c/Program Files (x86)/HTML Help Workshop
PATH: /d/Program/Microsoft Visual Studio 11.0/Team Tools/Performance Tools
PATH: /c/Program Files (x86)/Windows Kits/8.0/bin/x86
PATH: /c/Program Files (x86)/Microsoft SDKs/Windows/v8.0A/bin/NETFX 4.0 Tools
PATH: /c/Program Files (x86)/Microsoft SDKs/Windows/v7.0A/bin/
PATH: /d/Program/Microsoft Visual Studio 11.0/Common7/IDE/CommonExtensions/Microsoft/TestWindow
PATH: /c/Program Files (x86)/Microsoft SDKs/F#/3.0/Framework/v4.0/
PATH: /d/Program/Microsoft Visual Studio 11.0/VSTSDB/Deploy
PATH: /d/Program/Microsoft Visual Studio 11.0/Common7/IDE/
PATH: /d/Program/Microsoft Visual Studio 11.0/VC/BIN
PATH: /d/Program/Microsoft Visual Studio 11.0/Common7/Tools
PATH: /c/Windows/Microsoft.NET/Framework/v4.0.30319
PATH: /c/Windows/Microsoft.NET/Framework/v3.5
PATH: /d/Program/Microsoft Visual Studio 11.0/VC/VCPackages
PATH: /c/Program Files (x86)/HTML Help Workshop
PATH: /d/Program/Microsoft Visual Studio 11.0/Team Tools/Performance Tools
PATH: /c/Program Files (x86)/Windows Kits/8.0/bin/x86
PATH: /c/Program Files (x86)/Microsoft SDKs/Windows/v8.0A/bin/NETFX 4.0 Tools
PATH: /c/Program Files (x86)/Microsoft SDKs/Windows/v7.0A/Bin/
PATH: /d/program/oracle/product/11.2.0/dbhome_2/bin
PATH: /c/Program Files (x86)/NVIDIA Corporation/PhysX/Common
PATH: /c/Windows/system32
PATH: /c/Windows
PATH: /c/Windows/System32/Wbem
PATH: /c/Windows/System32/WindowsPowerShell/v1.0/
PATH: /c/Program Files/Microsoft/Web Platform Installer/
PATH: /c/Program Files (x86)/Microsoft ASP.NET/ASP.NET Web Pages/v1.0/
PATH: /c/Program Files (x86)/Windows Kits/8.0/Windows Performance Toolkit/
PATH: /c/Program Files/Microsoft SQL Server/110/Tools/Binn/
PATH: /d/Program/Git/TortoiseGit/bin
PATH: /d/Program/Java/jdk1.8.0_11/bin
PATH: /d/Program/Java/jdk1.8.0_11/jre/bin
PATH: /d/Program/Java/apache-maven-3.2.2/bin
PATH: /d/Program/SVN/TortoiseSVN/bin
PATH: /c/Well/WellDvr/oracle/bin
PATH: /c/Well/WellDvr/oracle/bin


## ----------- ##
## Core tests. ##
## ----------- ##

configure:2523: checking for a BSD-compatible install
configure:2591: result: /bin/install -c
configure:2602: checking whether build environment is sane
configure:2652: result: yes
configure:2793: checking for a thread-safe mkdir -p
configure:2832: result: /bin/mkdir -p
configure:2845: checking for gawk
configure:2861: found /bin/gawk
configure:2872: result: gawk
configure:2883: checking whether make sets $(MAKE)
configure:2905: result: yes
configure:3057: checking for gcc
configure:3073: found /bin/gcc
configure:3084: result: gcc
configure:3313: checking for C compiler version
configure:3322: gcc --version >&5
gcc (GCC) 3.4.4 (msys special)
Copyright (C) 2004 Free Software Foundation, Inc.
This is free software; see the source for copying conditions.  There is NO
warranty; not even for MERCHANTABILITY or FITNESS FOR A PARTICULAR PURPOSE.

configure:3333: $? = 0
configure:3322: gcc -v >&5
Reading specs from /usr/lib/gcc/i686-pc-msys/3.4.4/specs
Configured with: /home/cstrauss/build/gcc3/gcc-3.4.4/configure --prefix=/usr --sysconfdir=/etc --localstatedir=/var --infodir=/share/info --mandir=/share/man --libexecdir=/lib --enable-languages=c,c++ --disable-nls --enable-threads=posix --enable-sjlj-exceptions --enable-hash-synchronization --enable-libstdcxx-debug --with-newlib
Thread model: posix
gcc version 3.4.4 (msys special)
configure:3333: $? = 0
configure:3322: gcc -V >&5
gcc: `-V' option must have argument
configure:3333: $? = 1
configure:3322: gcc -qversion >&5
gcc: unrecognized option `-qversion'
gcc: no input files
configure:3333: $? = 1
configure:3353: checking whether the C compiler works
configure:3375: gcc -O2 -Wall   conftest.c  >&5
configure:3379: $? = 0
configure:3427: result: yes
configure:3430: checking for C compiler default output file name
configure:3432: result: a.exe
configure:3438: checking for suffix of executables
configure:3445: gcc -o conftest.exe -O2 -Wall   conftest.c  >&5
configure:3449: $? = 0
configure:3471: result: .exe
configure:3493: checking whether we are cross compiling
configure:3501: gcc -o conftest.exe -O2 -Wall   conftest.c  >&5
configure:3505: $? = 0
configure:3512: ./conftest.exe
configure:3516: $? = 0
configure:3531: result: no
configure:3536: checking for suffix of object files
configure:3558: gcc -c -O2 -Wall  conftest.c >&5
configure:3562: $? = 0
configure:3583: result: o
configure:3587: checking whether we are using the GNU C compiler
configure:3606: gcc -c -O2 -Wall  conftest.c >&5
configure:3606: $? = 0
configure:3615: result: yes
configure:3624: checking whether gcc accepts -g
configure:3644: gcc -c -g  conftest.c >&5
configure:3644: $? = 0
configure:3685: result: yes
configure:3702: checking for gcc option to accept ISO C89
configure:3766: gcc  -c -O2 -Wall  conftest.c >&5
configure:3766: $? = 0
configure:3779: result: none needed
configure:3810: checking for style of include used by make
configure:3838: result: GNU
configure:3863: checking dependency style of gcc
configure:3973: result: gcc3
configure:4046: checking for g++
configure:4062: found /bin/g++
configure:4073: result: g++
configure:4100: checking for C++ compiler version
configure:4109: g++ --version >&5
g++ (GCC) 3.4.4 (msys special)
Copyright (C) 2004 Free Software Foundation, Inc.
This is free software; see the source for copying conditions.  There is NO
warranty; not even for MERCHANTABILITY or FITNESS FOR A PARTICULAR PURPOSE.

configure:4120: $? = 0
configure:4109: g++ -v >&5
Reading specs from /usr/lib/gcc/i686-pc-msys/3.4.4/specs
Configured with: /home/cstrauss/build/gcc3/gcc-3.4.4/configure --prefix=/usr --sysconfdir=/etc --localstatedir=/var --infodir=/share/info --mandir=/share/man --libexecdir=/lib --enable-languages=c,c++ --disable-nls --enable-threads=posix --enable-sjlj-exceptions --enable-hash-synchronization --enable-libstdcxx-debug --with-newlib
Thread model: posix
gcc version 3.4.4 (msys special)
configure:4120: $? = 0
configure:4109: g++ -V >&5
g++: `-V' option must have argument
configure:4120: $? = 1
configure:4109: g++ -qversion >&5
g++: unrecognized option `-qversion'
g++: no input files
configure:4120: $? = 1
configure:4124: checking whether we are using the GNU C++ compiler
configure:4143: g++ -c   conftest.cpp >&5
configure:4143: $? = 0
configure:4152: result: yes
configure:4161: checking whether g++ accepts -g
configure:4181: g++ -c -g  conftest.cpp >&5
configure:4181: $? = 0
configure:4222: result: yes
configure:4247: checking dependency style of g++
configure:4357: result: gcc3
configure:4401: checking build system type
configure:4415: result: i686-pc-mingw32
configure:4435: checking host system type
configure:4448: result: i686-pc-mingw32
configure:4489: checking how to print strings
configure:4516: result: printf
configure:4537: checking for a sed that does not truncate output
configure:4601: result: /bin/sed
configure:4619: checking for grep that handles long lines and -e
configure:4677: result: /bin/grep
configure:4682: checking for egrep
configure:4744: result: /bin/grep -E
configure:4749: checking for fgrep
configure:4811: result: /bin/grep -F
configure:4846: checking for ld used by gcc
configure:4913: result: /bin/ld
configure:4920: checking if the linker (/bin/ld) is GNU ld
configure:4935: result: yes
configure:4947: checking for BSD- or MS-compatible name lister (nm)
configure:4996: result: /bin/nm -B
configure:5126: checking the name lister (/bin/nm -B) interface
configure:5133: gcc -c -O2 -Wall  conftest.c >&5
configure:5136: /bin/nm -B "conftest.o"
configure:5139: output
00000000 b .bss
00000000 d .data
00000000 t .text
00000000 B _some_variable
configure:5146: result: BSD nm
configure:5149: checking whether ln -s works
configure:5156: result: no, using cp -p
configure:5161: checking the maximum length of command line arguments
configure:5286: result: 8192
configure:5303: checking whether the shell understands some XSI constructs
configure:5313: result: yes
configure:5317: checking whether the shell understands "+="
configure:5323: result: yes
configure:5358: checking how to convert i686-pc-mingw32 file names to i686-pc-mingw32 format
configure:5420: result: func_convert_file_msys_to_w32
configure:5427: checking how to convert i686-pc-mingw32 file names to toolchain format
configure:5447: result: func_convert_file_msys_to_w32
configure:5454: checking for /bin/ld option to reload object files
configure:5461: result: -r
configure:5535: checking for objdump
configure:5551: found /bin/objdump
configure:5562: result: objdump
configure:5594: checking how to recognize dependent libraries
configure:5796: result: file_magic ^x86 archive import|^x86 DLL
configure:5881: checking for dlltool
configure:5897: found /bin/dlltool
configure:5908: result: dlltool
configure:5941: checking how to associate runtime and link libraries
configure:5968: result: func_cygming_dll_for_implib
configure:6029: checking for ar
configure:6045: found /bin/ar
configure:6056: result: ar
configure:6093: checking for archiver @FILE support
configure:6110: gcc -c -O2 -Wall  conftest.c >&5
configure:6110: $? = 0
configure:6113: ar cru libconftest.a @conftest.lst >&5
configure:6116: $? = 0
configure:6121: ar cru libconftest.a @conftest.lst >&5
ar: conftest.o: No such file or directory
configure:6124: $? = 1
configure:6136: result: @
configure:6194: checking for strip
configure:6210: found /bin/strip
configure:6221: result: strip
configure:6293: checking for ranlib
configure:6309: found /bin/ranlib
configure:6320: result: ranlib
configure:6422: checking command to parse /bin/nm -B output from gcc object
configure:6541: gcc -c -O2 -Wall  conftest.c >&5
configure:6544: $? = 0
configure:6548: /bin/nm -B conftest.o \| sed -n -e 's/^.*[ ]\([ABCDGIRSTW][ABCDGIRSTW]*\)[ ][ ]*\([_A-Za-z][_A-Za-z0-9]*\)\{0,1\}$/\1 \2 \2/p' | sed '/ __gnu_lto/d' \> conftest.nm
configure:6551: $? = 0
cannot find nm_test_var in conftest.nm
configure:6541: gcc -c -O2 -Wall  conftest.c >&5
configure:6544: $? = 0
configure:6548: /bin/nm -B conftest.o \| sed -n -e 's/^.*[ ]\([ABCDGIRSTW][ABCDGIRSTW]*\)[ ][ ]*_\([_A-Za-z][_A-Za-z0-9]*\)\{0,1\}$/\1 _\2 \2/p' | sed '/ __gnu_lto/d' \> conftest.nm
configure:6551: $? = 0
configure:6617: gcc -o conftest.exe -O2 -Wall   conftest.c conftstm.o >&5
configure:6620: $? = 0
configure:6658: result: ok
configure:6695: checking for sysroot
configure:6725: result: no
configure:6968: checking for mt
configure:6984: found /c/Program Files (x86)/Windows Kits/8.0/bin/x86/mt
configure:6995: result: mt
configure:7018: checking if mt is a manifest tool
configure:7024: mt '-?'
configure:7032: result: yes
configure:7664: checking how to run the C preprocessor
configure:7695: gcc -E  conftest.c
configure:7695: $? = 0
configure:7709: gcc -E  conftest.c
conftest.c:11:28: ac_nonexistent.h: No such file or directory
configure:7709: $? = 1
configure: failed program was:
| /* confdefs.h */
| #define PACKAGE_NAME "FAAC"
| #define PACKAGE_TARNAME "faac"
| #define PACKAGE_VERSION "1.28"
| #define PACKAGE_STRING "FAAC 1.28"
| #define PACKAGE_BUGREPORT "faac-dev@lists.sourceforge.net"
| #define PACKAGE_URL ""
| #define PACKAGE "faac"
| #define VERSION "1.28"
| /* end confdefs.h.  */
| #include <ac_nonexistent.h>
configure:7734: result: gcc -E
configure:7754: gcc -E  conftest.c
configure:7754: $? = 0
configure:7768: gcc -E  conftest.c
conftest.c:11:28: ac_nonexistent.h: No such file or directory
configure:7768: $? = 1
configure: failed program was:
| /* confdefs.h */
| #define PACKAGE_NAME "FAAC"
| #define PACKAGE_TARNAME "faac"
| #define PACKAGE_VERSION "1.28"
| #define PACKAGE_STRING "FAAC 1.28"
| #define PACKAGE_BUGREPORT "faac-dev@lists.sourceforge.net"
| #define PACKAGE_URL ""
| #define PACKAGE "faac"
| #define VERSION "1.28"
| /* end confdefs.h.  */
| #include <ac_nonexistent.h>
configure:7797: checking for ANSI C header files
configure:7817: gcc -c -O2 -Wall  conftest.c >&5
configure:7817: $? = 0
configure:7890: gcc -o conftest.exe -O2 -Wall   conftest.c  >&5
configure:7890: $? = 0
configure:7890: ./conftest.exe
configure:7890: $? = 0
configure:7901: result: yes
configure:7914: checking for sys/types.h
configure:7914: gcc -c -O2 -Wall  conftest.c >&5
configure:7914: $? = 0
configure:7914: result: yes
configure:7914: checking for sys/stat.h
configure:7914: gcc -c -O2 -Wall  conftest.c >&5
configure:7914: $? = 0
configure:7914: result: yes
configure:7914: checking for stdlib.h
configure:7914: gcc -c -O2 -Wall  conftest.c >&5
configure:7914: $? = 0
configure:7914: result: yes
configure:7914: checking for string.h
configure:7914: gcc -c -O2 -Wall  conftest.c >&5
configure:7914: $? = 0
configure:7914: result: yes
configure:7914: checking for memory.h
configure:7914: gcc -c -O2 -Wall  conftest.c >&5
configure:7914: $? = 0
configure:7914: result: yes
configure:7914: checking for strings.h
configure:7914: gcc -c -O2 -Wall  conftest.c >&5
configure:7914: $? = 0
configure:7914: result: yes
configure:7914: checking for inttypes.h
configure:7914: gcc -c -O2 -Wall  conftest.c >&5
conftest.c:52:22: inttypes.h: No such file or directory
configure:7914: $? = 1
configure: failed program was:
| /* confdefs.h */
| #define PACKAGE_NAME "FAAC"
| #define PACKAGE_TARNAME "faac"
| #define PACKAGE_VERSION "1.28"
| #define PACKAGE_STRING "FAAC 1.28"
| #define PACKAGE_BUGREPORT "faac-dev@lists.sourceforge.net"
| #define PACKAGE_URL ""
| #define PACKAGE "faac"
| #define VERSION "1.28"
| #define STDC_HEADERS 1
| #define HAVE_SYS_TYPES_H 1
| #define HAVE_SYS_STAT_H 1
| #define HAVE_STDLIB_H 1
| #define HAVE_STRING_H 1
| #define HAVE_MEMORY_H 1
| #define HAVE_STRINGS_H 1
| /* end confdefs.h.  */
| #include <stdio.h>
| #ifdef HAVE_SYS_TYPES_H
| # include <sys/types.h>
| #endif
| #ifdef HAVE_SYS_STAT_H
| # include <sys/stat.h>
| #endif
| #ifdef STDC_HEADERS
| # include <stdlib.h>
| # include <stddef.h>
| #else
| # ifdef HAVE_STDLIB_H
| #  include <stdlib.h>
| # endif
| #endif
| #ifdef HAVE_STRING_H
| # if !defined STDC_HEADERS && defined HAVE_MEMORY_H
| #  include <memory.h>
| # endif
| # include <string.h>
| #endif
| #ifdef HAVE_STRINGS_H
| # include <strings.h>
| #endif
| #ifdef HAVE_INTTYPES_H
| # include <inttypes.h>
| #endif
| #ifdef HAVE_STDINT_H
| # include <stdint.h>
| #endif
| #ifdef HAVE_UNISTD_H
| # include <unistd.h>
| #endif
| 
| #include <inttypes.h>
configure:7914: result: no
configure:7914: checking for stdint.h
configure:7914: gcc -c -O2 -Wall  conftest.c >&5
conftest.c:52:20: stdint.h: No such file or directory
configure:7914: $? = 1
configure: failed program was:
| /* confdefs.h */
| #define PACKAGE_NAME "FAAC"
| #define PACKAGE_TARNAME "faac"
| #define PACKAGE_VERSION "1.28"
| #define PACKAGE_STRING "FAAC 1.28"
| #define PACKAGE_BUGREPORT "faac-dev@lists.sourceforge.net"
| #define PACKAGE_URL ""
| #define PACKAGE "faac"
| #define VERSION "1.28"
| #define STDC_HEADERS 1
| #define HAVE_SYS_TYPES_H 1
| #define HAVE_SYS_STAT_H 1
| #define HAVE_STDLIB_H 1
| #define HAVE_STRING_H 1
| #define HAVE_MEMORY_H 1
| #define HAVE_STRINGS_H 1
| /* end confdefs.h.  */
| #include <stdio.h>
| #ifdef HAVE_SYS_TYPES_H
| # include <sys/types.h>
| #endif
| #ifdef HAVE_SYS_STAT_H
| # include <sys/stat.h>
| #endif
| #ifdef STDC_HEADERS
| # include <stdlib.h>
| # include <stddef.h>
| #else
| # ifdef HAVE_STDLIB_H
| #  include <stdlib.h>
| # endif
| #endif
| #ifdef HAVE_STRING_H
| # if !defined STDC_HEADERS && defined HAVE_MEMORY_H
| #  include <memory.h>
| # endif
| # include <string.h>
| #endif
| #ifdef HAVE_STRINGS_H
| # include <strings.h>
| #endif
| #ifdef HAVE_INTTYPES_H
| # include <inttypes.h>
| #endif
| #ifdef HAVE_STDINT_H
| # include <stdint.h>
| #endif
| #ifdef HAVE_UNISTD_H
| # include <unistd.h>
| #endif
| 
| #include <stdint.h>
configure:7914: result: no
configure:7914: checking for unistd.h
configure:7914: gcc -c -O2 -Wall  conftest.c >&5
configure:7914: $? = 0
configure:7914: result: yes
configure:7928: checking for dlfcn.h
configure:7928: gcc -c -O2 -Wall  conftest.c >&5
configure:7928: $? = 0
configure:7928: result: yes
configure:8126: checking for objdir
configure:8141: result: .libs
configure:8408: checking if gcc supports -fno-rtti -fno-exceptions
configure:8426: gcc -c -O2 -Wall  -fno-rtti -fno-exceptions conftest.c >&5
cc1.exe: warning: command line option "-fno-rtti" is valid for C++/ObjC++ but not for C
configure:8430: $? = 0
configure:8443: result: no
configure:8753: checking for gcc option to produce PIC
configure:8760: result: -DDLL_EXPORT -DPIC
configure:8768: checking if gcc PIC flag -DDLL_EXPORT -DPIC works
configure:8786: gcc -c -O2 -Wall  -DDLL_EXPORT -DPIC -DPIC conftest.c >&5
configure:8790: $? = 0
configure:8803: result: yes
configure:8832: checking if gcc static flag -static works
configure:8860: result: no
configure:8875: checking if gcc supports -c -o file.o
configure:8896: gcc -c -O2 -Wall  -o out/conftest2.o conftest.c >&5
configure:8900: $? = 0
configure:8922: result: yes
configure:8930: checking if gcc supports -c -o file.o
configure:8977: result: yes
configure:9010: checking whether the gcc linker (/bin/ld) supports shared libraries
configure:10168: result: yes
configure:10205: checking whether -lc should be explicitly linked in
configure:10213: gcc -c -O2 -Wall  conftest.c >&5
configure:10216: $? = 0
configure:10231: gcc -shared conftest.o  -v -o ./conftest -Wl,--enable-auto-image-base -Xlinker --out-implib -Xlinker conftest 2\>\&1 \| /bin/grep  -lc  \>/dev/null 2\>\&1
configure:10234: $? = 1
configure:10248: result: yes
configure:10413: checking dynamic linker characteristics
configure:11155: result: Win32 ld.exe
configure:11262: checking how to hardcode library paths into programs
configure:11287: result: immediate
configure:11827: checking whether stripping libraries is possible
configure:11832: result: yes
configure:11867: checking if libtool supports shared libraries
configure:11869: result: yes
configure:11872: checking whether to build shared libraries
configure:11893: result: yes
configure:11896: checking whether to build static libraries
configure:11900: result: yes
configure:11923: checking how to run the C++ preprocessor
configure:11950: g++ -E  conftest.cpp
configure:11950: $? = 0
configure:11964: g++ -E  conftest.cpp
conftest.cpp:21:28: ac_nonexistent.h: No such file or directory
configure:11964: $? = 1
configure: failed program was:
| /* confdefs.h */
| #define PACKAGE_NAME "FAAC"
| #define PACKAGE_TARNAME "faac"
| #define PACKAGE_VERSION "1.28"
| #define PACKAGE_STRING "FAAC 1.28"
| #define PACKAGE_BUGREPORT "faac-dev@lists.sourceforge.net"
| #define PACKAGE_URL ""
| #define PACKAGE "faac"
| #define VERSION "1.28"
| #define STDC_HEADERS 1
| #define HAVE_SYS_TYPES_H 1
| #define HAVE_SYS_STAT_H 1
| #define HAVE_STDLIB_H 1
| #define HAVE_STRING_H 1
| #define HAVE_MEMORY_H 1
| #define HAVE_STRINGS_H 1
| #define HAVE_UNISTD_H 1
| #define HAVE_DLFCN_H 1
| #define LT_OBJDIR ".libs/"
| /* end confdefs.h.  */
| #include <ac_nonexistent.h>
configure:11989: result: g++ -E
configure:12009: g++ -E  conftest.cpp
configure:12009: $? = 0
configure:12023: g++ -E  conftest.cpp
conftest.cpp:21:28: ac_nonexistent.h: No such file or directory
configure:12023: $? = 1
configure: failed program was:
| /* confdefs.h */
| #define PACKAGE_NAME "FAAC"
| #define PACKAGE_TARNAME "faac"
| #define PACKAGE_VERSION "1.28"
| #define PACKAGE_STRING "FAAC 1.28"
| #define PACKAGE_BUGREPORT "faac-dev@lists.sourceforge.net"
| #define PACKAGE_URL ""
| #define PACKAGE "faac"
| #define VERSION "1.28"
| #define STDC_HEADERS 1
| #define HAVE_SYS_TYPES_H 1
| #define HAVE_SYS_STAT_H 1
| #define HAVE_STDLIB_H 1
| #define HAVE_STRING_H 1
| #define HAVE_MEMORY_H 1
| #define HAVE_STRINGS_H 1
| #define HAVE_UNISTD_H 1
| #define HAVE_DLFCN_H 1
| #define LT_OBJDIR ".libs/"
| /* end confdefs.h.  */
| #include <ac_nonexistent.h>
configure:12193: checking for ld used by g++
configure:12260: result: /bin/ld
configure:12267: checking if the linker (/bin/ld) is GNU ld
configure:12282: result: yes
configure:12337: checking whether the g++ linker (/bin/ld) supports shared libraries
configure:13341: result: yes
configure:13376: g++ -c -g -O2  conftest.cpp >&5
configure:13379: $? = 0
configure:13899: checking for g++ option to produce PIC
configure:13906: result: -DDLL_EXPORT -DPIC
configure:13914: checking if g++ PIC flag -DDLL_EXPORT -DPIC works
configure:13932: g++ -c -g -O2  -DDLL_EXPORT -DPIC -DPIC conftest.cpp >&5
configure:13936: $? = 0
configure:13949: result: yes
configure:13972: checking if g++ static flag -static works
configure:14000: result: no
configure:14012: checking if g++ supports -c -o file.o
configure:14033: g++ -c -g -O2  -o out/conftest2.o conftest.cpp >&5
configure:14037: $? = 0
configure:14059: result: yes
configure:14064: checking if g++ supports -c -o file.o
configure:14111: result: yes
configure:14141: checking whether the g++ linker (/bin/ld) supports shared libraries
configure:14175: result: yes
configure:14318: checking dynamic linker characteristics
configure:14993: result: Win32 ld.exe
configure:15046: checking how to hardcode library paths into programs
configure:15071: result: immediate
configure:15133: checking getopt.h usability
configure:15133: gcc -c -O2 -Wall  conftest.c >&5
configure:15133: $? = 0
configure:15133: result: yes
configure:15133: checking getopt.h presence
configure:15133: gcc -E  conftest.c
configure:15133: $? = 0
configure:15133: result: yes
configure:15133: checking for getopt.h
configure:15133: result: yes
configure:15144: checking for u_int32_t
configure:15144: gcc -c -O2 -Wall  conftest.c >&5
configure:15144: $? = 0
configure:15144: gcc -c -O2 -Wall  conftest.c >&5
conftest.c: In function `main':
conftest.c:58: error: parse error before ')' token
configure:15144: $? = 1
configure: failed program was:
| /* confdefs.h */
| #define PACKAGE_NAME "FAAC"
| #define PACKAGE_TARNAME "faac"
| #define PACKAGE_VERSION "1.28"
| #define PACKAGE_STRING "FAAC 1.28"
| #define PACKAGE_BUGREPORT "faac-dev@lists.sourceforge.net"
| #define PACKAGE_URL ""
| #define PACKAGE "faac"
| #define VERSION "1.28"
| #define STDC_HEADERS 1
| #define HAVE_SYS_TYPES_H 1
| #define HAVE_SYS_STAT_H 1
| #define HAVE_STDLIB_H 1
| #define HAVE_STRING_H 1
| #define HAVE_MEMORY_H 1
| #define HAVE_STRINGS_H 1
| #define HAVE_UNISTD_H 1
| #define HAVE_DLFCN_H 1
| #define LT_OBJDIR ".libs/"
| #define HAVE_GETOPT_H 1
| /* end confdefs.h.  */
| #include <stdio.h>
| #ifdef HAVE_SYS_TYPES_H
| # include <sys/types.h>
| #endif
| #ifdef HAVE_SYS_STAT_H
| # include <sys/stat.h>
| #endif
| #ifdef STDC_HEADERS
| # include <stdlib.h>
| # include <stddef.h>
| #else
| # ifdef HAVE_STDLIB_H
| #  include <stdlib.h>
| # endif
| #endif
| #ifdef HAVE_STRING_H
| # if !defined STDC_HEADERS && defined HAVE_MEMORY_H
| #  include <memory.h>
| # endif
| # include <string.h>
| #endif
| #ifdef HAVE_STRINGS_H
| # include <strings.h>
| #endif
| #ifdef HAVE_INTTYPES_H
| # include <inttypes.h>
| #endif
| #ifdef HAVE_STDINT_H
| # include <stdint.h>
| #endif
| #ifdef HAVE_UNISTD_H
| # include <unistd.h>
| #endif
| int
| main ()
| {
| if (sizeof ((u_int32_t)))
| 	    return 0;
|   ;
|   return 0;
| }
configure:15144: result: yes
configure:15154: checking for u_int16_t
configure:15154: gcc -c -O2 -Wall  conftest.c >&5
configure:15154: $? = 0
configure:15154: gcc -c -O2 -Wall  conftest.c >&5
conftest.c: In function `main':
conftest.c:59: error: parse error before ')' token
configure:15154: $? = 1
configure: failed program was:
| /* confdefs.h */
| #define PACKAGE_NAME "FAAC"
| #define PACKAGE_TARNAME "faac"
| #define PACKAGE_VERSION "1.28"
| #define PACKAGE_STRING "FAAC 1.28"
| #define PACKAGE_BUGREPORT "faac-dev@lists.sourceforge.net"
| #define PACKAGE_URL ""
| #define PACKAGE "faac"
| #define VERSION "1.28"
| #define STDC_HEADERS 1
| #define HAVE_SYS_TYPES_H 1
| #define HAVE_SYS_STAT_H 1
| #define HAVE_STDLIB_H 1
| #define HAVE_STRING_H 1
| #define HAVE_MEMORY_H 1
| #define HAVE_STRINGS_H 1
| #define HAVE_UNISTD_H 1
| #define HAVE_DLFCN_H 1
| #define LT_OBJDIR ".libs/"
| #define HAVE_GETOPT_H 1
| #define HAVE_U_INT32_T 1
| /* end confdefs.h.  */
| #include <stdio.h>
| #ifdef HAVE_SYS_TYPES_H
| # include <sys/types.h>
| #endif
| #ifdef HAVE_SYS_STAT_H
| # include <sys/stat.h>
| #endif
| #ifdef STDC_HEADERS
| # include <stdlib.h>
| # include <stddef.h>
| #else
| # ifdef HAVE_STDLIB_H
| #  include <stdlib.h>
| # endif
| #endif
| #ifdef HAVE_STRING_H
| # if !defined STDC_HEADERS && defined HAVE_MEMORY_H
| #  include <memory.h>
| # endif
| # include <string.h>
| #endif
| #ifdef HAVE_STRINGS_H
| # include <strings.h>
| #endif
| #ifdef HAVE_INTTYPES_H
| # include <inttypes.h>
| #endif
| #ifdef HAVE_STDINT_H
| # include <stdint.h>
| #endif
| #ifdef HAVE_UNISTD_H
| # include <unistd.h>
| #endif
| int
| main ()
| {
| if (sizeof ((u_int16_t)))
| 	    return 0;
|   ;
|   return 0;
| }
configure:15154: result: yes
configure:15164: checking for int32_t
configure:15164: gcc -c -O2 -Wall  conftest.c >&5
configure:15164: $? = 0
configure:15164: gcc -c -O2 -Wall  conftest.c >&5
conftest.c: In function `main':
conftest.c:60: error: parse error before ')' token
configure:15164: $? = 1
configure: failed program was:
| /* confdefs.h */
| #define PACKAGE_NAME "FAAC"
| #define PACKAGE_TARNAME "faac"
| #define PACKAGE_VERSION "1.28"
| #define PACKAGE_STRING "FAAC 1.28"
| #define PACKAGE_BUGREPORT "faac-dev@lists.sourceforge.net"
| #define PACKAGE_URL ""
| #define PACKAGE "faac"
| #define VERSION "1.28"
| #define STDC_HEADERS 1
| #define HAVE_SYS_TYPES_H 1
| #define HAVE_SYS_STAT_H 1
| #define HAVE_STDLIB_H 1
| #define HAVE_STRING_H 1
| #define HAVE_MEMORY_H 1
| #define HAVE_STRINGS_H 1
| #define HAVE_UNISTD_H 1
| #define HAVE_DLFCN_H 1
| #define LT_OBJDIR ".libs/"
| #define HAVE_GETOPT_H 1
| #define HAVE_U_INT32_T 1
| #define HAVE_U_INT16_T 1
| /* end confdefs.h.  */
| #include <stdio.h>
| #ifdef HAVE_SYS_TYPES_H
| # include <sys/types.h>
| #endif
| #ifdef HAVE_SYS_STAT_H
| # include <sys/stat.h>
| #endif
| #ifdef STDC_HEADERS
| # include <stdlib.h>
| # include <stddef.h>
| #else
| # ifdef HAVE_STDLIB_H
| #  include <stdlib.h>
| # endif
| #endif
| #ifdef HAVE_STRING_H
| # if !defined STDC_HEADERS && defined HAVE_MEMORY_H
| #  include <memory.h>
| # endif
| # include <string.h>
| #endif
| #ifdef HAVE_STRINGS_H
| # include <strings.h>
| #endif
| #ifdef HAVE_INTTYPES_H
| # include <inttypes.h>
| #endif
| #ifdef HAVE_STDINT_H
| # include <stdint.h>
| #endif
| #ifdef HAVE_UNISTD_H
| # include <unistd.h>
| #endif
| int
| main ()
| {
| if (sizeof ((int32_t)))
| 	    return 0;
|   ;
|   return 0;
| }
configure:15164: result: yes
configure:15174: checking for int16_t
configure:15174: gcc -c -O2 -Wall  conftest.c >&5
configure:15174: $? = 0
configure:15174: gcc -c -O2 -Wall  conftest.c >&5
conftest.c: In function `main':
conftest.c:61: error: parse error before ')' token
configure:15174: $? = 1
configure: failed program was:
| /* confdefs.h */
| #define PACKAGE_NAME "FAAC"
| #define PACKAGE_TARNAME "faac"
| #define PACKAGE_VERSION "1.28"
| #define PACKAGE_STRING "FAAC 1.28"
| #define PACKAGE_BUGREPORT "faac-dev@lists.sourceforge.net"
| #define PACKAGE_URL ""
| #define PACKAGE "faac"
| #define VERSION "1.28"
| #define STDC_HEADERS 1
| #define HAVE_SYS_TYPES_H 1
| #define HAVE_SYS_STAT_H 1
| #define HAVE_STDLIB_H 1
| #define HAVE_STRING_H 1
| #define HAVE_MEMORY_H 1
| #define HAVE_STRINGS_H 1
| #define HAVE_UNISTD_H 1
| #define HAVE_DLFCN_H 1
| #define LT_OBJDIR ".libs/"
| #define HAVE_GETOPT_H 1
| #define HAVE_U_INT32_T 1
| #define HAVE_U_INT16_T 1
| #define HAVE_INT32_T 1
| /* end confdefs.h.  */
| #include <stdio.h>
| #ifdef HAVE_SYS_TYPES_H
| # include <sys/types.h>
| #endif
| #ifdef HAVE_SYS_STAT_H
| # include <sys/stat.h>
| #endif
| #ifdef STDC_HEADERS
| # include <stdlib.h>
| # include <stddef.h>
| #else
| # ifdef HAVE_STDLIB_H
| #  include <stdlib.h>
| # endif
| #endif
| #ifdef HAVE_STRING_H
| # if !defined STDC_HEADERS && defined HAVE_MEMORY_H
| #  include <memory.h>
| # endif
| # include <string.h>
| #endif
| #ifdef HAVE_STRINGS_H
| # include <strings.h>
| #endif
| #ifdef HAVE_INTTYPES_H
| # include <inttypes.h>
| #endif
| #ifdef HAVE_STDINT_H
| # include <stdint.h>
| #endif
| #ifdef HAVE_UNISTD_H
| # include <unistd.h>
| #endif
| int
| main ()
| {
| if (sizeof ((int16_t)))
| 	    return 0;
|   ;
|   return 0;
| }
configure:15174: result: yes
configure:15185: checking whether strcasecmp is declared
configure:15185: gcc -c -O2 -Wall  conftest.c >&5
configure:15185: $? = 0
configure:15185: result: yes
configure:15193: checking for getopt_long in -lgnugetopt
configure:15218: gcc -o conftest.exe -O2 -Wall   conftest.c -lgnugetopt   >&5
/bin/ld: cannot find -lgnugetopt
collect2: ld returned 1 exit status
configure:15218: $? = 1
configure: failed program was:
| /* confdefs.h */
| #define PACKAGE_NAME "FAAC"
| #define PACKAGE_TARNAME "faac"
| #define PACKAGE_VERSION "1.28"
| #define PACKAGE_STRING "FAAC 1.28"
| #define PACKAGE_BUGREPORT "faac-dev@lists.sourceforge.net"
| #define PACKAGE_URL ""
| #define PACKAGE "faac"
| #define VERSION "1.28"
| #define STDC_HEADERS 1
| #define HAVE_SYS_TYPES_H 1
| #define HAVE_SYS_STAT_H 1
| #define HAVE_STDLIB_H 1
| #define HAVE_STRING_H 1
| #define HAVE_MEMORY_H 1
| #define HAVE_STRINGS_H 1
| #define HAVE_UNISTD_H 1
| #define HAVE_DLFCN_H 1
| #define LT_OBJDIR ".libs/"
| #define HAVE_GETOPT_H 1
| #define HAVE_U_INT32_T 1
| #define HAVE_U_INT16_T 1
| #define HAVE_INT32_T 1
| #define HAVE_INT16_T 1
| #define HAVE_STRCASECMP 1
| /* end confdefs.h.  */
| 
| /* Override any GCC internal prototype to avoid an error.
|    Use char because int might match the return type of a GCC
|    builtin and then its argument prototype would still apply.  */
| #ifdef __cplusplus
| extern "C"
| #endif
| char getopt_long ();
| int
| main ()
| {
| return getopt_long ();
|   ;
|   return 0;
| }
configure:15227: result: no
configure:15248: checking whether MP4Create is declared
configure:15248: gcc -c -O2 -Wall  conftest.c >&5
conftest.c:27:17: mp4.h: No such file or directory
conftest.c: In function `main':
conftest.c:36: error: `MP4Create' undeclared (first use in this function)
conftest.c:36: error: (Each undeclared identifier is reported only once
conftest.c:36: error: for each function it appears in.)
configure:15248: $? = 1
configure: failed program was:
| /* confdefs.h */
| #define PACKAGE_NAME "FAAC"
| #define PACKAGE_TARNAME "faac"
| #define PACKAGE_VERSION "1.28"
| #define PACKAGE_STRING "FAAC 1.28"
| #define PACKAGE_BUGREPORT "faac-dev@lists.sourceforge.net"
| #define PACKAGE_URL ""
| #define PACKAGE "faac"
| #define VERSION "1.28"
| #define STDC_HEADERS 1
| #define HAVE_SYS_TYPES_H 1
| #define HAVE_SYS_STAT_H 1
| #define HAVE_STDLIB_H 1
| #define HAVE_STRING_H 1
| #define HAVE_MEMORY_H 1
| #define HAVE_STRINGS_H 1
| #define HAVE_UNISTD_H 1
| #define HAVE_DLFCN_H 1
| #define LT_OBJDIR ".libs/"
| #define HAVE_GETOPT_H 1
| #define HAVE_U_INT32_T 1
| #define HAVE_U_INT16_T 1
| #define HAVE_INT32_T 1
| #define HAVE_INT16_T 1
| #define HAVE_STRCASECMP 1
| /* end confdefs.h.  */
| #include <mp4.h>
| 
| int
| main ()
| {
| #ifndef MP4Create
| #ifdef __cplusplus
|   (void) MP4Create;
| #else
|   (void) MP4Create;
| #endif
| #endif
| 
|   ;
|   return 0;
| }
configure:15248: result: no
configure:15305: checking whether MP4MetadataDelete is declared
configure:15305: gcc -c -O2 -Wall  conftest.c >&5
conftest.c:28:17: mp4.h: No such file or directory
conftest.c: In function `main':
conftest.c:37: error: `MP4MetadataDelete' undeclared (first use in this function)
conftest.c:37: error: (Each undeclared identifier is reported only once
conftest.c:37: error: for each function it appears in.)
configure:15305: $? = 1
configure: failed program was:
| /* confdefs.h */
| #define PACKAGE_NAME "FAAC"
| #define PACKAGE_TARNAME "faac"
| #define PACKAGE_VERSION "1.28"
| #define PACKAGE_STRING "FAAC 1.28"
| #define PACKAGE_BUGREPORT "faac-dev@lists.sourceforge.net"
| #define PACKAGE_URL ""
| #define PACKAGE "faac"
| #define VERSION "1.28"
| #define STDC_HEADERS 1
| #define HAVE_SYS_TYPES_H 1
| #define HAVE_SYS_STAT_H 1
| #define HAVE_STDLIB_H 1
| #define HAVE_STRING_H 1
| #define HAVE_MEMORY_H 1
| #define HAVE_STRINGS_H 1
| #define HAVE_UNISTD_H 1
| #define HAVE_DLFCN_H 1
| #define LT_OBJDIR ".libs/"
| #define HAVE_GETOPT_H 1
| #define HAVE_U_INT32_T 1
| #define HAVE_U_INT16_T 1
| #define HAVE_INT32_T 1
| #define HAVE_INT16_T 1
| #define HAVE_STRCASECMP 1
| #define HAVE_DECL_MP4CREATE 0
| /* end confdefs.h.  */
| #include <mp4.h>
| 
| int
| main ()
| {
| #ifndef MP4MetadataDelete
| #ifdef __cplusplus
|   (void) MP4MetadataDelete;
| #else
|   (void) MP4MetadataDelete;
| #endif
| #endif
| 
|   ;
|   return 0;
| }
configure:15305: result: no
configure:15369: *** Building with internal mp4v2 ***
configure:15414: checking whether byte ordering is bigendian
configure:15429: gcc -c -O2 -Wall  conftest.c >&5
conftest.c:31: error: parse error before "a"
conftest.c:33: error: syntax error before "typedef"
configure:15429: $? = 1
configure: failed program was:
| /* confdefs.h */
| #define PACKAGE_NAME "FAAC"
| #define PACKAGE_TARNAME "faac"
| #define PACKAGE_VERSION "1.28"
| #define PACKAGE_STRING "FAAC 1.28"
| #define PACKAGE_BUGREPORT "faac-dev@lists.sourceforge.net"
| #define PACKAGE_URL ""
| #define PACKAGE "faac"
| #define VERSION "1.28"
| #define STDC_HEADERS 1
| #define HAVE_SYS_TYPES_H 1
| #define HAVE_SYS_STAT_H 1
| #define HAVE_STDLIB_H 1
| #define HAVE_STRING_H 1
| #define HAVE_MEMORY_H 1
| #define HAVE_STRINGS_H 1
| #define HAVE_UNISTD_H 1
| #define HAVE_DLFCN_H 1
| #define LT_OBJDIR ".libs/"
| #define HAVE_GETOPT_H 1
| #define HAVE_U_INT32_T 1
| #define HAVE_U_INT16_T 1
| #define HAVE_INT32_T 1
| #define HAVE_INT16_T 1
| #define HAVE_STRCASECMP 1
| #define HAVE_DECL_MP4CREATE 0
| #define HAVE_DECL_MP4METADATADELETE 0
| #define HAVE_LIBMP4V2 1
| /* end confdefs.h.  */
| #ifndef __APPLE_CC__
| 	       not a universal capable compiler
| 	     #endif
| 	     typedef int dummy;
| 
configure:15474: gcc -c -O2 -Wall  conftest.c >&5
configure:15474: $? = 0
configure:15492: gcc -c -O2 -Wall  conftest.c >&5
conftest.c: In function `main':
conftest.c:37: error: `not' undeclared (first use in this function)
conftest.c:37: error: (Each undeclared identifier is reported only once
conftest.c:37: error: for each function it appears in.)
conftest.c:37: error: parse error before "big"
configure:15492: $? = 1
configure: failed program was:
| /* confdefs.h */
| #define PACKAGE_NAME "FAAC"
| #define PACKAGE_TARNAME "faac"
| #define PACKAGE_VERSION "1.28"
| #define PACKAGE_STRING "FAAC 1.28"
| #define PACKAGE_BUGREPORT "faac-dev@lists.sourceforge.net"
| #define PACKAGE_URL ""
| #define PACKAGE "faac"
| #define VERSION "1.28"
| #define STDC_HEADERS 1
| #define HAVE_SYS_TYPES_H 1
| #define HAVE_SYS_STAT_H 1
| #define HAVE_STDLIB_H 1
| #define HAVE_STRING_H 1
| #define HAVE_MEMORY_H 1
| #define HAVE_STRINGS_H 1
| #define HAVE_UNISTD_H 1
| #define HAVE_DLFCN_H 1
| #define LT_OBJDIR ".libs/"
| #define HAVE_GETOPT_H 1
| #define HAVE_U_INT32_T 1
| #define HAVE_U_INT16_T 1
| #define HAVE_INT32_T 1
| #define HAVE_INT16_T 1
| #define HAVE_STRCASECMP 1
| #define HAVE_DECL_MP4CREATE 0
| #define HAVE_DECL_MP4METADATADELETE 0
| #define HAVE_LIBMP4V2 1
| /* end confdefs.h.  */
| #include <sys/types.h>
| 		#include <sys/param.h>
| 
| int
| main ()
| {
| #if BYTE_ORDER != BIG_ENDIAN
| 		 not big endian
| 		#endif
| 
|   ;
|   return 0;
| }
configure:15620: result: no
configure:15639: checking for ANSI C header files
configure:15743: result: yes
configure:15758: checking for special C compiler options needed for large files
configure:15803: result: no
configure:15809: checking for _FILE_OFFSET_BITS value needed for large files
configure:15834: gcc -c -O2 -Wall  conftest.c >&5
conftest.c:37: warning: left shift count >= width of type
conftest.c:37: warning: left shift count >= width of type
conftest.c:39: error: size of array `off_t_is_large' is negative
configure:15834: $? = 1
configure: failed program was:
| /* confdefs.h */
| #define PACKAGE_NAME "FAAC"
| #define PACKAGE_TARNAME "faac"
| #define PACKAGE_VERSION "1.28"
| #define PACKAGE_STRING "FAAC 1.28"
| #define PACKAGE_BUGREPORT "faac-dev@lists.sourceforge.net"
| #define PACKAGE_URL ""
| #define PACKAGE "faac"
| #define VERSION "1.28"
| #define STDC_HEADERS 1
| #define HAVE_SYS_TYPES_H 1
| #define HAVE_SYS_STAT_H 1
| #define HAVE_STDLIB_H 1
| #define HAVE_STRING_H 1
| #define HAVE_MEMORY_H 1
| #define HAVE_STRINGS_H 1
| #define HAVE_UNISTD_H 1
| #define HAVE_DLFCN_H 1
| #define LT_OBJDIR ".libs/"
| #define HAVE_GETOPT_H 1
| #define HAVE_U_INT32_T 1
| #define HAVE_U_INT16_T 1
| #define HAVE_INT32_T 1
| #define HAVE_INT16_T 1
| #define HAVE_STRCASECMP 1
| #define HAVE_DECL_MP4CREATE 0
| #define HAVE_DECL_MP4METADATADELETE 0
| #define HAVE_LIBMP4V2 1
| #define STDC_HEADERS 1
| /* end confdefs.h.  */
| #include <sys/types.h>
|  /* Check that off_t can represent 2**63 - 1 correctly.
|     We can't simply define LARGE_OFF_T to be 9223372036854775807,
|     since some C++ compilers masquerading as C compilers
|     incorrectly reject 9223372036854775807.  */
| #define LARGE_OFF_T (((off_t) 1 << 62) - 1 + ((off_t) 1 << 62))
|   int off_t_is_large[(LARGE_OFF_T % 2147483629 == 721
| 		       && LARGE_OFF_T % 2147483647 == 1)
| 		      ? 1 : -1];
| int
| main ()
| {
| 
|   ;
|   return 0;
| }
configure:15858: gcc -c -O2 -Wall  conftest.c >&5
conftest.c:38: warning: left shift count >= width of type
conftest.c:38: warning: left shift count >= width of type
conftest.c:40: error: size of array `off_t_is_large' is negative
configure:15858: $? = 1
configure: failed program was:
| /* confdefs.h */
| #define PACKAGE_NAME "FAAC"
| #define PACKAGE_TARNAME "faac"
| #define PACKAGE_VERSION "1.28"
| #define PACKAGE_STRING "FAAC 1.28"
| #define PACKAGE_BUGREPORT "faac-dev@lists.sourceforge.net"
| #define PACKAGE_URL ""
| #define PACKAGE "faac"
| #define VERSION "1.28"
| #define STDC_HEADERS 1
| #define HAVE_SYS_TYPES_H 1
| #define HAVE_SYS_STAT_H 1
| #define HAVE_STDLIB_H 1
| #define HAVE_STRING_H 1
| #define HAVE_MEMORY_H 1
| #define HAVE_STRINGS_H 1
| #define HAVE_UNISTD_H 1
| #define HAVE_DLFCN_H 1
| #define LT_OBJDIR ".libs/"
| #define HAVE_GETOPT_H 1
| #define HAVE_U_INT32_T 1
| #define HAVE_U_INT16_T 1
| #define HAVE_INT32_T 1
| #define HAVE_INT16_T 1
| #define HAVE_STRCASECMP 1
| #define HAVE_DECL_MP4CREATE 0
| #define HAVE_DECL_MP4METADATADELETE 0
| #define HAVE_LIBMP4V2 1
| #define STDC_HEADERS 1
| /* end confdefs.h.  */
| #define _FILE_OFFSET_BITS 64
| #include <sys/types.h>
|  /* Check that off_t can represent 2**63 - 1 correctly.
|     We can't simply define LARGE_OFF_T to be 9223372036854775807,
|     since some C++ compilers masquerading as C compilers
|     incorrectly reject 9223372036854775807.  */
| #define LARGE_OFF_T (((off_t) 1 << 62) - 1 + ((off_t) 1 << 62))
|   int off_t_is_large[(LARGE_OFF_T % 2147483629 == 721
| 		       && LARGE_OFF_T % 2147483647 == 1)
| 		      ? 1 : -1];
| int
| main ()
| {
| 
|   ;
|   return 0;
| }
configure:15866: result: unknown
configure:15878: checking for _LARGE_FILES value needed for large files
configure:15903: gcc -c -O2 -Wall  conftest.c >&5
conftest.c:37: warning: left shift count >= width of type
conftest.c:37: warning: left shift count >= width of type
conftest.c:39: error: size of array `off_t_is_large' is negative
configure:15903: $? = 1
configure: failed program was:
| /* confdefs.h */
| #define PACKAGE_NAME "FAAC"
| #define PACKAGE_TARNAME "faac"
| #define PACKAGE_VERSION "1.28"
| #define PACKAGE_STRING "FAAC 1.28"
| #define PACKAGE_BUGREPORT "faac-dev@lists.sourceforge.net"
| #define PACKAGE_URL ""
| #define PACKAGE "faac"
| #define VERSION "1.28"
| #define STDC_HEADERS 1
| #define HAVE_SYS_TYPES_H 1
| #define HAVE_SYS_STAT_H 1
| #define HAVE_STDLIB_H 1
| #define HAVE_STRING_H 1
| #define HAVE_MEMORY_H 1
| #define HAVE_STRINGS_H 1
| #define HAVE_UNISTD_H 1
| #define HAVE_DLFCN_H 1
| #define LT_OBJDIR ".libs/"
| #define HAVE_GETOPT_H 1
| #define HAVE_U_INT32_T 1
| #define HAVE_U_INT16_T 1
| #define HAVE_INT32_T 1
| #define HAVE_INT16_T 1
| #define HAVE_STRCASECMP 1
| #define HAVE_DECL_MP4CREATE 0
| #define HAVE_DECL_MP4METADATADELETE 0
| #define HAVE_LIBMP4V2 1
| #define STDC_HEADERS 1
| /* end confdefs.h.  */
| #include <sys/types.h>
|  /* Check that off_t can represent 2**63 - 1 correctly.
|     We can't simply define LARGE_OFF_T to be 9223372036854775807,
|     since some C++ compilers masquerading as C compilers
|     incorrectly reject 9223372036854775807.  */
| #define LARGE_OFF_T (((off_t) 1 << 62) - 1 + ((off_t) 1 << 62))
|   int off_t_is_large[(LARGE_OFF_T % 2147483629 == 721
| 		       && LARGE_OFF_T % 2147483647 == 1)
| 		      ? 1 : -1];
| int
| main ()
| {
| 
|   ;
|   return 0;
| }
configure:15927: gcc -c -O2 -Wall  conftest.c >&5
conftest.c:38: warning: left shift count >= width of type
conftest.c:38: warning: left shift count >= width of type
conftest.c:40: error: size of array `off_t_is_large' is negative
configure:15927: $? = 1
configure: failed program was:
| /* confdefs.h */
| #define PACKAGE_NAME "FAAC"
| #define PACKAGE_TARNAME "faac"
| #define PACKAGE_VERSION "1.28"
| #define PACKAGE_STRING "FAAC 1.28"
| #define PACKAGE_BUGREPORT "faac-dev@lists.sourceforge.net"
| #define PACKAGE_URL ""
| #define PACKAGE "faac"
| #define VERSION "1.28"
| #define STDC_HEADERS 1
| #define HAVE_SYS_TYPES_H 1
| #define HAVE_SYS_STAT_H 1
| #define HAVE_STDLIB_H 1
| #define HAVE_STRING_H 1
| #define HAVE_MEMORY_H 1
| #define HAVE_STRINGS_H 1
| #define HAVE_UNISTD_H 1
| #define HAVE_DLFCN_H 1
| #define LT_OBJDIR ".libs/"
| #define HAVE_GETOPT_H 1
| #define HAVE_U_INT32_T 1
| #define HAVE_U_INT16_T 1
| #define HAVE_INT32_T 1
| #define HAVE_INT16_T 1
| #define HAVE_STRCASECMP 1
| #define HAVE_DECL_MP4CREATE 0
| #define HAVE_DECL_MP4METADATADELETE 0
| #define HAVE_LIBMP4V2 1
| #define STDC_HEADERS 1
| /* end confdefs.h.  */
| #define _LARGE_FILES 1
| #include <sys/types.h>
|  /* Check that off_t can represent 2**63 - 1 correctly.
|     We can't simply define LARGE_OFF_T to be 9223372036854775807,
|     since some C++ compilers masquerading as C compilers
|     incorrectly reject 9223372036854775807.  */
| #define LARGE_OFF_T (((off_t) 1 << 62) - 1 + ((off_t) 1 << 62))
|   int off_t_is_large[(LARGE_OFF_T % 2147483629 == 721
| 		       && LARGE_OFF_T % 2147483647 == 1)
| 		      ? 1 : -1];
| int
| main ()
| {
| 
|   ;
|   return 0;
| }
configure:15935: result: unknown
configure:15952: checking for stdint.h
configure:15952: result: no
configure:15952: checking for inttypes.h
configure:15952: result: no
configure:15964: checking mathf.h usability
configure:15964: gcc -c -O2 -Wall  conftest.c >&5
conftest.c:64:19: mathf.h: No such file or directory
configure:15964: $? = 1
configure: failed program was:
| /* confdefs.h */
| #define PACKAGE_NAME "FAAC"
| #define PACKAGE_TARNAME "faac"
| #define PACKAGE_VERSION "1.28"
| #define PACKAGE_STRING "FAAC 1.28"
| #define PACKAGE_BUGREPORT "faac-dev@lists.sourceforge.net"
| #define PACKAGE_URL ""
| #define PACKAGE "faac"
| #define VERSION "1.28"
| #define STDC_HEADERS 1
| #define HAVE_SYS_TYPES_H 1
| #define HAVE_SYS_STAT_H 1
| #define HAVE_STDLIB_H 1
| #define HAVE_STRING_H 1
| #define HAVE_MEMORY_H 1
| #define HAVE_STRINGS_H 1
| #define HAVE_UNISTD_H 1
| #define HAVE_DLFCN_H 1
| #define LT_OBJDIR ".libs/"
| #define HAVE_GETOPT_H 1
| #define HAVE_U_INT32_T 1
| #define HAVE_U_INT16_T 1
| #define HAVE_INT32_T 1
| #define HAVE_INT16_T 1
| #define HAVE_STRCASECMP 1
| #define HAVE_DECL_MP4CREATE 0
| #define HAVE_DECL_MP4METADATADELETE 0
| #define HAVE_LIBMP4V2 1
| #define STDC_HEADERS 1
| /* end confdefs.h.  */
| #include <stdio.h>
| #ifdef HAVE_SYS_TYPES_H
| # include <sys/types.h>
| #endif
| #ifdef HAVE_SYS_STAT_H
| # include <sys/stat.h>
| #endif
| #ifdef STDC_HEADERS
| # include <stdlib.h>
| # include <stddef.h>
| #else
| # ifdef HAVE_STDLIB_H
| #  include <stdlib.h>
| # endif
| #endif
| #ifdef HAVE_STRING_H
| # if !defined STDC_HEADERS && defined HAVE_MEMORY_H
| #  include <memory.h>
| # endif
| # include <string.h>
| #endif
| #ifdef HAVE_STRINGS_H
| # include <strings.h>
| #endif
| #ifdef HAVE_INTTYPES_H
| # include <inttypes.h>
| #endif
| #ifdef HAVE_STDINT_H
| # include <stdint.h>
| #endif
| #ifdef HAVE_UNISTD_H
| # include <unistd.h>
| #endif
| #include <mathf.h>
configure:15964: result: no
configure:15964: checking mathf.h presence
configure:15964: gcc -E  conftest.c
conftest.c:31:19: mathf.h: No such file or directory
configure:15964: $? = 1
configure: failed program was:
| /* confdefs.h */
| #define PACKAGE_NAME "FAAC"
| #define PACKAGE_TARNAME "faac"
| #define PACKAGE_VERSION "1.28"
| #define PACKAGE_STRING "FAAC 1.28"
| #define PACKAGE_BUGREPORT "faac-dev@lists.sourceforge.net"
| #define PACKAGE_URL ""
| #define PACKAGE "faac"
| #define VERSION "1.28"
| #define STDC_HEADERS 1
| #define HAVE_SYS_TYPES_H 1
| #define HAVE_SYS_STAT_H 1
| #define HAVE_STDLIB_H 1
| #define HAVE_STRING_H 1
| #define HAVE_MEMORY_H 1
| #define HAVE_STRINGS_H 1
| #define HAVE_UNISTD_H 1
| #define HAVE_DLFCN_H 1
| #define LT_OBJDIR ".libs/"
| #define HAVE_GETOPT_H 1
| #define HAVE_U_INT32_T 1
| #define HAVE_U_INT16_T 1
| #define HAVE_INT32_T 1
| #define HAVE_INT16_T 1
| #define HAVE_STRCASECMP 1
| #define HAVE_DECL_MP4CREATE 0
| #define HAVE_DECL_MP4METADATADELETE 0
| #define HAVE_LIBMP4V2 1
| #define STDC_HEADERS 1
| /* end confdefs.h.  */
| #include <mathf.h>
configure:15964: result: no
configure:15964: checking for mathf.h
configure:15964: result: no
configure:15976: checking float.h usability
configure:15976: gcc -c -O2 -Wall  conftest.c >&5
configure:15976: $? = 0
configure:15976: result: yes
configure:15976: checking float.h presence
configure:15976: gcc -E  conftest.c
configure:15976: $? = 0
configure:15976: result: yes
configure:15976: checking for float.h
configure:15976: result: yes
configure:15986: checking whether strchr is declared
configure:15986: gcc -c -O2 -Wall  conftest.c >&5
configure:15986: $? = 0
configure:15986: result: yes
configure:15993: checking whether memcpy is declared
configure:15993: gcc -c -O2 -Wall  conftest.c >&5
configure:15993: $? = 0
configure:15993: result: yes
configure:16000: checking whether strsep is declared
configure:16000: gcc -c -O2 -Wall  conftest.c >&5
configure:16000: $? = 0
configure:16000: result: yes
configure:16009: checking sys/time.h usability
configure:16009: gcc -c -O2 -Wall  conftest.c >&5
configure:16009: $? = 0
configure:16009: result: yes
configure:16009: checking sys/time.h presence
configure:16009: gcc -E  conftest.c
configure:16009: $? = 0
configure:16009: result: yes
configure:16009: checking for sys/time.h
configure:16009: result: yes
configure:16019: checking whether time.h and sys/time.h may both be included
configure:16039: gcc -c -O2 -Wall  conftest.c >&5
configure:16039: $? = 0
configure:16046: result: yes
configure:16054: checking for off_t
configure:16054: gcc -c -O2 -Wall  conftest.c >&5
configure:16054: $? = 0
configure:16054: gcc -c -O2 -Wall  conftest.c >&5
conftest.c: In function `main':
conftest.c:73: error: parse error before ')' token
configure:16054: $? = 1
configure: failed program was:
| /* confdefs.h */
| #define PACKAGE_NAME "FAAC"
| #define PACKAGE_TARNAME "faac"
| #define PACKAGE_VERSION "1.28"
| #define PACKAGE_STRING "FAAC 1.28"
| #define PACKAGE_BUGREPORT "faac-dev@lists.sourceforge.net"
| #define PACKAGE_URL ""
| #define PACKAGE "faac"
| #define VERSION "1.28"
| #define STDC_HEADERS 1
| #define HAVE_SYS_TYPES_H 1
| #define HAVE_SYS_STAT_H 1
| #define HAVE_STDLIB_H 1
| #define HAVE_STRING_H 1
| #define HAVE_MEMORY_H 1
| #define HAVE_STRINGS_H 1
| #define HAVE_UNISTD_H 1
| #define HAVE_DLFCN_H 1
| #define LT_OBJDIR ".libs/"
| #define HAVE_GETOPT_H 1
| #define HAVE_U_INT32_T 1
| #define HAVE_U_INT16_T 1
| #define HAVE_INT32_T 1
| #define HAVE_INT16_T 1
| #define HAVE_STRCASECMP 1
| #define HAVE_DECL_MP4CREATE 0
| #define HAVE_DECL_MP4METADATADELETE 0
| #define HAVE_LIBMP4V2 1
| #define STDC_HEADERS 1
| #define HAVE_FLOAT_H 1
| #define HAVE_STRCHR 1
| #define HAVE_MEMCPY 1
| #define HAVE_STRSEP 1
| #define HAVE_SYS_TIME_H 1
| #define TIME_WITH_SYS_TIME 1
| /* end confdefs.h.  */
| #include <stdio.h>
| #ifdef HAVE_SYS_TYPES_H
| # include <sys/types.h>
| #endif
| #ifdef HAVE_SYS_STAT_H
| # include <sys/stat.h>
| #endif
| #ifdef STDC_HEADERS
| # include <stdlib.h>
| # include <stddef.h>
| #else
| # ifdef HAVE_STDLIB_H
| #  include <stdlib.h>
| # endif
| #endif
| #ifdef HAVE_STRING_H
| # if !defined STDC_HEADERS && defined HAVE_MEMORY_H
| #  include <memory.h>
| # endif
| # include <string.h>
| #endif
| #ifdef HAVE_STRINGS_H
| # include <strings.h>
| #endif
| #ifdef HAVE_INTTYPES_H
| # include <inttypes.h>
| #endif
| #ifdef HAVE_STDINT_H
| # include <stdint.h>
| #endif
| #ifdef HAVE_UNISTD_H
| # include <unistd.h>
| #endif
| int
| main ()
| {
| if (sizeof ((off_t)))
| 	    return 0;
|   ;
|   return 0;
| }
configure:16054: result: yes
configure:16065: checking for in_port_t
configure:16065: gcc -c -O2 -Wall  conftest.c >&5
conftest.c: In function `main':
conftest.c:44: error: `in_port_t' undeclared (first use in this function)
conftest.c:44: error: (Each undeclared identifier is reported only once
conftest.c:44: error: for each function it appears in.)
configure:16065: $? = 1
configure: failed program was:
| /* confdefs.h */
| #define PACKAGE_NAME "FAAC"
| #define PACKAGE_TARNAME "faac"
| #define PACKAGE_VERSION "1.28"
| #define PACKAGE_STRING "FAAC 1.28"
| #define PACKAGE_BUGREPORT "faac-dev@lists.sourceforge.net"
| #define PACKAGE_URL ""
| #define PACKAGE "faac"
| #define VERSION "1.28"
| #define STDC_HEADERS 1
| #define HAVE_SYS_TYPES_H 1
| #define HAVE_SYS_STAT_H 1
| #define HAVE_STDLIB_H 1
| #define HAVE_STRING_H 1
| #define HAVE_MEMORY_H 1
| #define HAVE_STRINGS_H 1
| #define HAVE_UNISTD_H 1
| #define HAVE_DLFCN_H 1
| #define LT_OBJDIR ".libs/"
| #define HAVE_GETOPT_H 1
| #define HAVE_U_INT32_T 1
| #define HAVE_U_INT16_T 1
| #define HAVE_INT32_T 1
| #define HAVE_INT16_T 1
| #define HAVE_STRCASECMP 1
| #define HAVE_DECL_MP4CREATE 0
| #define HAVE_DECL_MP4METADATADELETE 0
| #define HAVE_LIBMP4V2 1
| #define STDC_HEADERS 1
| #define HAVE_FLOAT_H 1
| #define HAVE_STRCHR 1
| #define HAVE_MEMCPY 1
| #define HAVE_STRSEP 1
| #define HAVE_SYS_TIME_H 1
| #define TIME_WITH_SYS_TIME 1
| /* end confdefs.h.  */
| #include <sys/types.h>
| 	 #include <sys/socket.h>
| 	 #include <netinet/in.h>
| 
| int
| main ()
| {
| if (sizeof (in_port_t))
| 	 return 0;
|   ;
|   return 0;
| }
configure:16065: result: no
configure:16077: checking for socklen_t
configure:16077: gcc -c -O2 -Wall  conftest.c >&5
configure:16077: $? = 0
configure:16077: gcc -c -O2 -Wall  conftest.c >&5
conftest.c: In function `main':
conftest.c:44: error: parse error before ')' token
configure:16077: $? = 1
configure: failed program was:
| /* confdefs.h */
| #define PACKAGE_NAME "FAAC"
| #define PACKAGE_TARNAME "faac"
| #define PACKAGE_VERSION "1.28"
| #define PACKAGE_STRING "FAAC 1.28"
| #define PACKAGE_BUGREPORT "faac-dev@lists.sourceforge.net"
| #define PACKAGE_URL ""
| #define PACKAGE "faac"
| #define VERSION "1.28"
| #define STDC_HEADERS 1
| #define HAVE_SYS_TYPES_H 1
| #define HAVE_SYS_STAT_H 1
| #define HAVE_STDLIB_H 1
| #define HAVE_STRING_H 1
| #define HAVE_MEMORY_H 1
| #define HAVE_STRINGS_H 1
| #define HAVE_UNISTD_H 1
| #define HAVE_DLFCN_H 1
| #define LT_OBJDIR ".libs/"
| #define HAVE_GETOPT_H 1
| #define HAVE_U_INT32_T 1
| #define HAVE_U_INT16_T 1
| #define HAVE_INT32_T 1
| #define HAVE_INT16_T 1
| #define HAVE_STRCASECMP 1
| #define HAVE_DECL_MP4CREATE 0
| #define HAVE_DECL_MP4METADATADELETE 0
| #define HAVE_LIBMP4V2 1
| #define STDC_HEADERS 1
| #define HAVE_FLOAT_H 1
| #define HAVE_STRCHR 1
| #define HAVE_MEMCPY 1
| #define HAVE_STRSEP 1
| #define HAVE_SYS_TIME_H 1
| #define TIME_WITH_SYS_TIME 1
| /* end confdefs.h.  */
| #include <sys/types.h>
| 	 #include <sys/socket.h>
| 	 #include <netinet/in.h>
| 
| int
| main ()
| {
| if (sizeof ((socklen_t)))
| 	    return 0;
|   ;
|   return 0;
| }
configure:16077: result: yes
configure:16090: checking for fpos_t.__pos
configure:16090: gcc -c -O2 -Wall  conftest.c >&5
conftest.c: In function `main':
conftest.c:44: error: request for member `__pos' in something not a structure or union
configure:16090: $? = 1
configure: failed program was:
| /* confdefs.h */
| #define PACKAGE_NAME "FAAC"
| #define PACKAGE_TARNAME "faac"
| #define PACKAGE_VERSION "1.28"
| #define PACKAGE_STRING "FAAC 1.28"
| #define PACKAGE_BUGREPORT "faac-dev@lists.sourceforge.net"
| #define PACKAGE_URL ""
| #define PACKAGE "faac"
| #define VERSION "1.28"
| #define STDC_HEADERS 1
| #define HAVE_SYS_TYPES_H 1
| #define HAVE_SYS_STAT_H 1
| #define HAVE_STDLIB_H 1
| #define HAVE_STRING_H 1
| #define HAVE_MEMORY_H 1
| #define HAVE_STRINGS_H 1
| #define HAVE_UNISTD_H 1
| #define HAVE_DLFCN_H 1
| #define LT_OBJDIR ".libs/"
| #define HAVE_GETOPT_H 1
| #define HAVE_U_INT32_T 1
| #define HAVE_U_INT16_T 1
| #define HAVE_INT32_T 1
| #define HAVE_INT16_T 1
| #define HAVE_STRCASECMP 1
| #define HAVE_DECL_MP4CREATE 0
| #define HAVE_DECL_MP4METADATADELETE 0
| #define HAVE_LIBMP4V2 1
| #define STDC_HEADERS 1
| #define HAVE_FLOAT_H 1
| #define HAVE_STRCHR 1
| #define HAVE_MEMCPY 1
| #define HAVE_STRSEP 1
| #define HAVE_SYS_TIME_H 1
| #define TIME_WITH_SYS_TIME 1
| #define HAVE_SOCKLEN_T 1
| /* end confdefs.h.  */
| #include <stdio.h>
| 
| int
| main ()
| {
| static fpos_t ac_aggr;
| if (ac_aggr.__pos)
| return 0;
|   ;
|   return 0;
| }
configure:16090: gcc -c -O2 -Wall  conftest.c >&5
conftest.c: In function `main':
conftest.c:44: error: request for member `__pos' in something not a structure or union
configure:16090: $? = 1
configure: failed program was:
| /* confdefs.h */
| #define PACKAGE_NAME "FAAC"
| #define PACKAGE_TARNAME "faac"
| #define PACKAGE_VERSION "1.28"
| #define PACKAGE_STRING "FAAC 1.28"
| #define PACKAGE_BUGREPORT "faac-dev@lists.sourceforge.net"
| #define PACKAGE_URL ""
| #define PACKAGE "faac"
| #define VERSION "1.28"
| #define STDC_HEADERS 1
| #define HAVE_SYS_TYPES_H 1
| #define HAVE_SYS_STAT_H 1
| #define HAVE_STDLIB_H 1
| #define HAVE_STRING_H 1
| #define HAVE_MEMORY_H 1
| #define HAVE_STRINGS_H 1
| #define HAVE_UNISTD_H 1
| #define HAVE_DLFCN_H 1
| #define LT_OBJDIR ".libs/"
| #define HAVE_GETOPT_H 1
| #define HAVE_U_INT32_T 1
| #define HAVE_U_INT16_T 1
| #define HAVE_INT32_T 1
| #define HAVE_INT16_T 1
| #define HAVE_STRCASECMP 1
| #define HAVE_DECL_MP4CREATE 0
| #define HAVE_DECL_MP4METADATADELETE 0
| #define HAVE_LIBMP4V2 1
| #define STDC_HEADERS 1
| #define HAVE_FLOAT_H 1
| #define HAVE_STRCHR 1
| #define HAVE_MEMCPY 1
| #define HAVE_STRSEP 1
| #define HAVE_SYS_TIME_H 1
| #define TIME_WITH_SYS_TIME 1
| #define HAVE_SOCKLEN_T 1
| /* end confdefs.h.  */
| #include <stdio.h>
| 
| int
| main ()
| {
| static fpos_t ac_aggr;
| if (sizeof ac_aggr.__pos)
| return 0;
|   ;
|   return 0;
| }
configure:16090: result: no
configure:16255: creating ./config.status

## ---------------------- ##
## Running config.status. ##
## ---------------------- ##

This file was extended by FAAC config.status 1.28, which was
generated by GNU Autoconf 2.68.  Invocation command line was

  CONFIG_FILES    = 
  CONFIG_HEADERS  = 
  CONFIG_LINKS    = 
  CONFIG_COMMANDS = 
  $ ./config.status 

on jetur

config.status:1200: creating common/Makefile
config.status:1200: creating common/mp4v2/Makefile
config.status:1200: creating libfaac/Makefile
config.status:1200: creating frontend/Makefile
config.status:1200: creating include/Makefile
config.status:1200: creating Makefile
config.status:1200: creating config.h
config.status:1381: config.h is unchanged
config.status:1441: linking config.h to common/mp4v2/mpeg4ip_config.h
config.status:1460: executing depfiles commands
config.status:1460: executing libtool commands

## ---------------- ##
## Cache variables. ##
## ---------------- ##

ac_cv_build=i686-pc-mingw32
ac_cv_c_bigendian=no
ac_cv_c_compiler_gnu=yes
ac_cv_cxx_compiler_gnu=yes
ac_cv_env_CCC_set=
ac_cv_env_CCC_value=
ac_cv_env_CC_set=
ac_cv_env_CC_value=
ac_cv_env_CFLAGS_set=
ac_cv_env_CFLAGS_value=
ac_cv_env_CPPFLAGS_set=
ac_cv_env_CPPFLAGS_value=
ac_cv_env_CPP_set=
ac_cv_env_CPP_value=
ac_cv_env_CXXCPP_set=
ac_cv_env_CXXCPP_value=
ac_cv_env_CXXFLAGS_set=
ac_cv_env_CXXFLAGS_value=
ac_cv_env_CXX_set=
ac_cv_env_CXX_value=
ac_cv_env_LDFLAGS_set=
ac_cv_env_LDFLAGS_value=
ac_cv_env_LIBS_set=
ac_cv_env_LIBS_value=
ac_cv_env_build_alias_set=
ac_cv_env_build_alias_value=
ac_cv_env_host_alias_set=
ac_cv_env_host_alias_value=
ac_cv_env_target_alias_set=
ac_cv_env_target_alias_value=
ac_cv_exeext=.exe
ac_cv_have_decl_MP4Create=no
ac_cv_have_decl_MP4MetadataDelete=no
ac_cv_have_decl_memcpy=yes
ac_cv_have_decl_strcasecmp=yes
ac_cv_have_decl_strchr=yes
ac_cv_have_decl_strsep=yes
ac_cv_header_dlfcn_h=yes
ac_cv_header_float_h=yes
ac_cv_header_getopt_h=yes
ac_cv_header_inttypes_h=no
ac_cv_header_mathf_h=no
ac_cv_header_memory_h=yes
ac_cv_header_stdc=yes
ac_cv_header_stdint_h=no
ac_cv_header_stdlib_h=yes
ac_cv_header_string_h=yes
ac_cv_header_strings_h=yes
ac_cv_header_sys_stat_h=yes
ac_cv_header_sys_time_h=yes
ac_cv_header_sys_types_h=yes
ac_cv_header_time=yes
ac_cv_header_unistd_h=yes
ac_cv_host=i686-pc-mingw32
ac_cv_lib_gnugetopt_getopt_long=no
ac_cv_member_fpos_t___pos=no
ac_cv_objext=o
ac_cv_path_EGREP='/bin/grep -E'
ac_cv_path_FGREP='/bin/grep -F'
ac_cv_path_GREP=/bin/grep
ac_cv_path_SED=/bin/sed
ac_cv_path_install='/bin/install -c'
ac_cv_path_mkdir=/bin/mkdir
ac_cv_prog_AWK=gawk
ac_cv_prog_CPP='gcc -E'
ac_cv_prog_CXXCPP='g++ -E'
ac_cv_prog_ac_ct_AR=ar
ac_cv_prog_ac_ct_CC=gcc
ac_cv_prog_ac_ct_CXX=g++
ac_cv_prog_ac_ct_DLLTOOL=dlltool
ac_cv_prog_ac_ct_MANIFEST_TOOL=mt
ac_cv_prog_ac_ct_OBJDUMP=objdump
ac_cv_prog_ac_ct_RANLIB=ranlib
ac_cv_prog_ac_ct_STRIP=strip
ac_cv_prog_cc_c89=
ac_cv_prog_cc_g=yes
ac_cv_prog_cxx_g=yes
ac_cv_prog_make_make_set=yes
ac_cv_sys_file_offset_bits=unknown
ac_cv_sys_large_files=unknown
ac_cv_sys_largefile_CC=no
ac_cv_type_in_port_t=no
ac_cv_type_int16_t=yes
ac_cv_type_int32_t=yes
ac_cv_type_off_t=yes
ac_cv_type_socklen_t=yes
ac_cv_type_u_int16_t=yes
ac_cv_type_u_int32_t=yes
am_cv_CC_dependencies_compiler_type=gcc3
am_cv_CXX_dependencies_compiler_type=gcc3
lt_cv_ar_at_file=@
lt_cv_archive_cmds_need_lc=yes
lt_cv_deplibs_check_method='file_magic ^x86 archive import|^x86 DLL'
lt_cv_file_magic_cmd=func_win32_libid
lt_cv_file_magic_test_file=
lt_cv_ld_reload_flag=-r
lt_cv_nm_interface='BSD nm'
lt_cv_objdir=.libs
lt_cv_path_LD=/bin/ld
lt_cv_path_LDCXX=/bin/ld
lt_cv_path_NM='/bin/nm -B'
lt_cv_path_mainfest_tool=yes
lt_cv_prog_compiler_c_o=yes
lt_cv_prog_compiler_c_o_CXX=yes
lt_cv_prog_compiler_pic='-DDLL_EXPORT -DPIC'
lt_cv_prog_compiler_pic_CXX='-DDLL_EXPORT -DPIC'
lt_cv_prog_compiler_pic_works=yes
lt_cv_prog_compiler_pic_works_CXX=yes
lt_cv_prog_compiler_rtti_exceptions=no
lt_cv_prog_compiler_static_works=no
lt_cv_prog_compiler_static_works_CXX=no
lt_cv_prog_gnu_ld=yes
lt_cv_prog_gnu_ldcxx=yes
lt_cv_sharedlib_from_linklib_cmd=func_cygming_dll_for_implib
lt_cv_sys_global_symbol_pipe='sed -n -e '\''s/^.*[	 ]\([ABCDGIRSTW][ABCDGIRSTW]*\)[	 ][	 ]*_\([_A-Za-z][_A-Za-z0-9]*\)\{0,1\}$/\1 _\2 \2/p'\'' | sed '\''/ __gnu_lto/d'\'''
lt_cv_sys_global_symbol_to_c_name_address='sed -n -e '\''s/^: \([^ ]*\)[ ]*$/  {\"\1\", (void *) 0},/p'\'' -e '\''s/^[ABCDGIRSTW]* \([^ ]*\) \([^ ]*\)$/  {"\2", (void *) \&\2},/p'\'''
lt_cv_sys_global_symbol_to_c_name_address_lib_prefix='sed -n -e '\''s/^: \([^ ]*\)[ ]*$/  {\"\1\", (void *) 0},/p'\'' -e '\''s/^[ABCDGIRSTW]* \([^ ]*\) \(lib[^ ]*\)$/  {"\2", (void *) \&\2},/p'\'' -e '\''s/^[ABCDGIRSTW]* \([^ ]*\) \([^ ]*\)$/  {"lib\2", (void *) \&\2},/p'\'''
lt_cv_sys_global_symbol_to_cdecl='sed -n -e '\''s/^T .* \(.*\)$/extern int \1();/p'\'' -e '\''s/^[ABCDGIRSTW]* .* \(.*\)$/extern char \1;/p'\'''
lt_cv_sys_max_cmd_len=8192
lt_cv_to_host_file_cmd=func_convert_file_msys_to_w32
lt_cv_to_tool_file_cmd=func_convert_file_msys_to_w32

## ----------------- ##
## Output variables. ##
## ----------------- ##

ACLOCAL='${SHELL} /f/software/03-code/ffmpeg/faac-1.28/missing --run aclocal-1.11'
AMDEPBACKSLASH='\'
AMDEP_FALSE='#'
AMDEP_TRUE=''
AMTAR='${SHELL} /f/software/03-code/ffmpeg/faac-1.28/missing --run tar'
AR='ar'
AUTOCONF='${SHELL} /f/software/03-code/ffmpeg/faac-1.28/missing --run autoconf'
AUTOHEADER='${SHELL} /f/software/03-code/ffmpeg/faac-1.28/missing --run autoheader'
AUTOMAKE='${SHELL} /f/software/03-code/ffmpeg/faac-1.28/missing --run automake-1.11'
AWK='gawk'
CC='gcc'
CCDEPMODE='depmode=gcc3'
CFLAGS='-O2 -Wall'
CPP='gcc -E'
CPPFLAGS=''
CXX='g++'
CXXCPP='g++ -E'
CXXDEPMODE='depmode=gcc3'
CXXFLAGS='-g -O2'
CYGPATH_W='echo'
DEFS='-DHAVE_CONFIG_H'
DEPDIR='.deps'
DLLTOOL='dlltool'
DSYMUTIL=''
DUMPBIN=''
ECHO_C=''
ECHO_N='-n'
ECHO_T=''
EGREP='/bin/grep -E'
EXEEXT='.exe'
FGREP='/bin/grep -F'
GREP='/bin/grep'
INSTALL_DATA='${INSTALL} -m 644'
INSTALL_PROGRAM='${INSTALL}'
INSTALL_SCRIPT='${INSTALL}'
INSTALL_STRIP_PROGRAM='$(install_sh) -c -s'
LD='/bin/ld'
LDFLAGS=''
LIBOBJS=''
LIBS=''
LIBTOOL='$(SHELL) $(top_builddir)/libtool'
LIPO=''
LN_S='cp -p'
LTLIBOBJS=''
MAKEINFO='${SHELL} /f/software/03-code/ffmpeg/faac-1.28/missing --run makeinfo'
MANIFEST_TOOL='mt'
MKDIR_P='/bin/mkdir -p'
NM='/bin/nm -B'
NMEDIT=''
OBJDUMP='objdump'
OBJEXT='o'
OTOOL64=''
OTOOL=''
PACKAGE='faac'
PACKAGE_BUGREPORT='faac-dev@lists.sourceforge.net'
PACKAGE_NAME='FAAC'
PACKAGE_STRING='FAAC 1.28'
PACKAGE_TARNAME='faac'
PACKAGE_URL=''
PACKAGE_VERSION='1.28'
PATH_SEPARATOR=':'
RANLIB='ranlib'
SED='/bin/sed'
SET_MAKE=''
SHELL='/bin/sh'
STRIP='strip'
USE_DRM_FALSE=''
USE_DRM_TRUE='#'
VERSION='1.28'
WITH_MP4V2_FALSE='#'
WITH_MP4V2_TRUE=''
ac_ct_AR='ar'
ac_ct_CC='gcc'
ac_ct_CXX='g++'
ac_ct_DUMPBIN=''
am__EXEEXT_FALSE='#'
am__EXEEXT_TRUE=''
am__fastdepCC_FALSE='#'
am__fastdepCC_TRUE=''
am__fastdepCXX_FALSE='#'
am__fastdepCXX_TRUE=''
am__include='include'
am__isrc=''
am__leading_dot='.'
am__quote=''
am__tar='${AMTAR} chof - "$$tardir"'
am__untar='${AMTAR} xf -'
bindir='${exec_prefix}/bin'
build='i686-pc-mingw32'
build_alias=''
build_cpu='i686'
build_os='mingw32'
build_vendor='pc'
datadir='${datarootdir}'
datarootdir='${prefix}/share'
docdir='${datarootdir}/doc/${PACKAGE_TARNAME}'
dvidir='${docdir}'
exec_prefix='${prefix}'
host='i686-pc-mingw32'
host_alias=''
host_cpu='i686'
host_os='mingw32'
host_vendor='pc'
htmldir='${docdir}'
includedir='d:/Program/MinGW/include'
infodir='${datarootdir}/info'
install_sh='${SHELL} /f/software/03-code/ffmpeg/faac-1.28/install-sh'
libdir='${exec_prefix}/lib'
libexecdir='${exec_prefix}/libexec'
localedir='${datarootdir}/locale'
localstatedir='${prefix}/var'
mandir='${datarootdir}/man'
mkdir_p='/bin/mkdir -p'
oldincludedir='/usr/include'
pdfdir='${docdir}'
prefix='/usr/local'
program_transform_name='s,x,x,'
psdir='${docdir}'
sbindir='${exec_prefix}/sbin'
sharedstatedir='${prefix}/com'
sysconfdir='${prefix}/etc'
target_alias=''

## ----------- ##
## confdefs.h. ##
## ----------- ##

/* confdefs.h */
#define PACKAGE_NAME "FAAC"
#define PACKAGE_TARNAME "faac"
#define PACKAGE_VERSION "1.28"
#define PACKAGE_STRING "FAAC 1.28"
#define PACKAGE_BUGREPORT "faac-dev@lists.sourceforge.net"
#define PACKAGE_URL ""
#define PACKAGE "faac"
#define VERSION "1.28"
#define STDC_HEADERS 1
#define HAVE_SYS_TYPES_H 1
#define HAVE_SYS_STAT_H 1
#define HAVE_STDLIB_H 1
#define HAVE_STRING_H 1
#define HAVE_MEMORY_H 1
#define HAVE_STRINGS_H 1
#define HAVE_UNISTD_H 1
#define HAVE_DLFCN_H 1
#define LT_OBJDIR ".libs/"
#define HAVE_GETOPT_H 1
#define HAVE_U_INT32_T 1
#define HAVE_U_INT16_T 1
#define HAVE_INT32_T 1
#define HAVE_INT16_T 1
#define HAVE_STRCASECMP 1
#define HAVE_DECL_MP4CREATE 0
#define HAVE_DECL_MP4METADATADELETE 0
#define HAVE_LIBMP4V2 1
#define STDC_HEADERS 1
#define HAVE_FLOAT_H 1
#define HAVE_STRCHR 1
#define HAVE_MEMCPY 1
#define HAVE_STRSEP 1
#define HAVE_SYS_TIME_H 1
#define TIME_WITH_SYS_TIME 1
#define HAVE_SOCKLEN_T 1

configure: exit 0
