Build started 9/9/2014 6:51:57 AM.
     1>Project "F:\software\03-code\ffmpeg\faad2-2.7\libfaad\libfaad.vcxproj" on node 2 (Build target(s)).
     1>ClCompile:
         D:\Program\Microsoft Visual Studio 11.0\VC\bin\CL.exe /c /I../include /Zi /nologo /W3 /WX- /O2 /Ob1 /Oy- /D NDEBUG /D WIN32 /D _LIB /D _VC80_UPGRADE=0x0710 /D _MBCS /GF /Gm- /EHsc /MD /GS /Gy /fp:precise /Zc:wchar_t /Zc:forScope /Fo".\Release/" /Fd".\Release/vc110.pdb" /Gd /TC /analyze- /errorReport:prompt bits.c cfft.c common.c decoder.c drc.c drm_dec.c error.c filtbank.c hcr.c huffman.c ic_predict.c is.c lt_predict.c mdct.c mp4.c ms.c output.c pns.c ps_dec.c ps_syntax.c pulse.c rvlc.c sbr_dct.c sbr_dec.c sbr_e_nf.c sbr_fbt.c sbr_hfadj.c sbr_hfgen.c sbr_huff.c sbr_qmf.c sbr_syntax.c sbr_tf_grid.c specrec.c ssr.c ssr_fb.c ssr_ipqf.c syntax.c tns.c
         bits.c
         cfft.c
         common.c
         decoder.c
     1>decoder.c(220): warning C4146: unary minus operator applied to unsigned type, result still unsigned
     1>decoder.c(1097): warning C4018: '<' : signed/unsigned mismatch
         drc.c
         drm_dec.c
         error.c
         filtbank.c
         hcr.c
     1>hcr.c(228): warning C4101: 'bitsleft' : unreferenced local variable
     1>hcr.c(228): warning C4101: 'codewordsleft' : unreferenced local variable
         huffman.c
         ic_predict.c
         is.c
         lt_predict.c
         mdct.c
     1>mdct.c : warning C4819: The file contains a character that cannot be represented in the current code page (936). Save the file in Unicode format to prevent data loss
         mp4.c
         ms.c
         output.c
         pns.c
         ps_dec.c
         ps_syntax.c
         Generating Code...
         Compiling...
         pulse.c
         rvlc.c
         sbr_dct.c
         sbr_dec.c
         sbr_e_nf.c
         sbr_fbt.c
         sbr_hfadj.c
         sbr_hfgen.c
         sbr_huff.c
         sbr_qmf.c
         sbr_syntax.c
         sbr_tf_grid.c
         specrec.c
         ssr.c
         ssr_fb.c
         ssr_ipqf.c
         syntax.c
     1>syntax.c(1781): warning C4819: The file contains a character that cannot be represented in the current code page (936). Save the file in Unicode format to prevent data loss
     1>syntax.c(2633): warning C4146: unary minus operator applied to unsigned type, result still unsigned
         tns.c
         Generating Code...
       Lib:
         D:\Program\Microsoft Visual Studio 11.0\VC\bin\Lib.exe /OUT:".\Release\libfaad.lib" /NOLOGO .\Release/bits.obj
         .\Release/cfft.obj
         .\Release/common.obj
         .\Release/decoder.obj
         .\Release/drc.obj
         .\Release/drm_dec.obj
         .\Release/error.obj
         .\Release/filtbank.obj
         .\Release/hcr.obj
         .\Release/huffman.obj
         .\Release/ic_predict.obj
         .\Release/is.obj
         .\Release/lt_predict.obj
         .\Release/mdct.obj
         .\Release/mp4.obj
         .\Release/ms.obj
         .\Release/output.obj
         .\Release/pns.obj
         .\Release/ps_dec.obj
         .\Release/ps_syntax.obj
         .\Release/pulse.obj
         .\Release/rvlc.obj
         .\Release/sbr_dct.obj
         .\Release/sbr_dec.obj
         .\Release/sbr_e_nf.obj
         .\Release/sbr_fbt.obj
         .\Release/sbr_hfadj.obj
         .\Release/sbr_hfgen.obj
         .\Release/sbr_huff.obj
         .\Release/sbr_qmf.obj
         .\Release/sbr_syntax.obj
         .\Release/sbr_tf_grid.obj
         .\Release/specrec.obj
         .\Release/ssr.obj
         .\Release/ssr_fb.obj
         .\Release/ssr_ipqf.obj
         .\Release/syntax.obj
         .\Release/tns.obj
         libfaad.vcxproj -> F:\software\03-code\ffmpeg\faad2-2.7\libfaad\.\Release\libfaad.lib
     1>Done Building Project "F:\software\03-code\ffmpeg\faad2-2.7\libfaad\libfaad.vcxproj" (Build target(s)).

Build succeeded.

Time Elapsed 00:00:01.92
